<?xml version="1.0" encoding="UTF-8"?>
<!-- Generated by org.testng.reporters.JUnitReportReporter -->
<testsuite hostname="DESKTOP-MN6SBLL" failures="0" tests="8" name="com.mavenproject.Trail_Class" time="0.123" errors="0" timestamp="2022-02-27T21:50:27 IST" skipped="1">
  <testcase classname="com.mavenproject.Trail_Class" name="dd" time="0.003"/>
  <system-out/>
  <testcase classname="com.mavenproject.Trail_Class" name="cc" time="0.007"/>
  <system-out/>
  <testcase classname="com.mavenproject.Trail_Class" name="bb" time="0.010"/>
  <system-out/>
  <testcase classname="com.mavenproject.Trail_Class" name="aa" time="0.043"/>
  <system-out/>
  <testcase classname="com.mavenproject.Trail_Class" name="bb" time="0.015"/>
  <system-out/>
  <testcase classname="com.mavenproject.Trail_Class" name="bb" time="0.006"/>
  <system-out/>
  <testcase classname="com.mavenproject.Trail_Class" name="aaf" time="0.039"/>
  <system-out/>
  <testcase classname="com.mavenproject.Trail_Class" name="ee">
    <skipped/>
  </testcase> <!-- ee -->
  <system-out/>
</testsuite> <!-- com.mavenproject.Trail_Class -->
