<?xml version="1.0" encoding="UTF-8"?>
<!-- Generated by org.testng.reporters.JUnitReportReporter -->
<testsuite hostname="DESKTOP-MN6SBLL" failures="0" tests="1" name="com.mavenproject.Browser_Launch" time="0.079" errors="0" timestamp="2022-02-27T21:50:27 IST" skipped="0">
  <testcase classname="com.mavenproject.Browser_Launch" name="homePageVerify" time="0.079"/>
  <system-out/>
</testsuite> <!-- com.mavenproject.Browser_Launch -->
