<?xml version="1.0" encoding="UTF-8"?>
<!-- Generated by org.testng.reporters.JUnitReportReporter -->
<testsuite hostname="DESKTOP-MN6SBLL" failures="0" tests="1" name="com.mavenproject.TestNg_xml_Run" time="0.025" errors="0" timestamp="2022-02-27T22:07:01 IST" skipped="0">
  <testcase classname="com.mavenproject.TestNg_xml_Run" name="test" time="0.025"/>
  <system-out/>
</testsuite> <!-- com.mavenproject.TestNg_xml_Run -->
